<?xml version="1.0" encoding="UTF-8"?>
<!-- Generated by org.testng.reporters.JUnitXMLReporter -->
<testsuite ignored="0" hostname="LAPTOP-S18PCNMB" failures="1" tests="1" name="Surefire test" time="14.529" errors="0" timestamp="2025-04-24T19:38:39 PST">
  <testcase classname="tests.LoginTest" name="testValidLogin" time="9.652">
    <failure type="java.lang.AssertionError" message="Logout button is not visible. Login might have failed. expected [true] but found [false]">
      <![CDATA[java.lang.AssertionError: Logout button is not visible. Login might have failed. expected [true] but found [false]
at tests.LoginTest.testValidLogin(LoginTest.java:15)
at java.base/java.util.ArrayList.forEach(ArrayList.java:1511)
... Removed 35 stack frames]]>
    </failure>
  </testcase> <!-- testValidLogin -->
</testsuite> <!-- Surefire test -->
